0 info it worked if it ends with ok
1 verbose cli [ '/usr/local/bin/node',
1 verbose cli   '/usr/local/bin/npm',
1 verbose cli   'install',
1 verbose cli   '-g',
1 verbose cli   'create-react-app' ]
2 info using npm@2.15.5
3 info using node@v4.4.5
4 verbose install initial load of /usr/local/lib/package.json
5 verbose readDependencies loading dependencies from /usr/local/lib/package.json
6 silly cache add args [ 'create-react-app', null ]
7 verbose cache add spec create-react-app
8 silly cache add parsed spec Result {
8 silly cache add   raw: 'create-react-app',
8 silly cache add   scope: null,
8 silly cache add   name: 'create-react-app',
8 silly cache add   rawSpec: '',
8 silly cache add   spec: 'latest',
8 silly cache add   type: 'tag' }
9 silly addNamed create-react-app@latest
10 verbose addNamed "latest" is being treated as a dist-tag for create-react-app
11 info addNameTag [ 'create-react-app', 'latest' ]
12 silly mapToRegistry name create-react-app
13 silly mapToRegistry using default registry
14 silly mapToRegistry registry https://registry.npmjs.org/
15 silly mapToRegistry data Result {
15 silly mapToRegistry   raw: 'create-react-app',
15 silly mapToRegistry   scope: null,
15 silly mapToRegistry   name: 'create-react-app',
15 silly mapToRegistry   rawSpec: '',
15 silly mapToRegistry   spec: 'latest',
15 silly mapToRegistry   type: 'tag' }
16 silly mapToRegistry uri https://registry.npmjs.org/create-react-app
17 verbose addNameTag registry:https://registry.npmjs.org/create-react-app not in flight; fetching
18 verbose request uri https://registry.npmjs.org/create-react-app
19 verbose request no auth needed
20 info attempt registry request try #1 at 9:50:45 AM
21 verbose request id 02f7b93262b097a1
22 http request GET https://registry.npmjs.org/create-react-app
23 http 200 https://registry.npmjs.org/create-react-app
24 verbose headers { server: 'CouchDB/1.5.0 (Erlang OTP/R16B03)',
24 verbose headers   etag: '"81MJOOQSAYAJ7K77MT38LXAW9"',
24 verbose headers   'content-type': 'application/json',
24 verbose headers   'content-encoding': 'gzip',
24 verbose headers   'cache-control': 'max-age=300',
24 verbose headers   'content-length': '1225',
24 verbose headers   'accept-ranges': 'bytes',
24 verbose headers   date: 'Wed, 03 Aug 2016 14:50:45 GMT',
24 verbose headers   via: '1.1 varnish',
24 verbose headers   age: '0',
24 verbose headers   connection: 'keep-alive',
24 verbose headers   'x-served-by': 'cache-dfw1835-DFW',
24 verbose headers   'x-cache': 'HIT',
24 verbose headers   'x-cache-hits': '1',
24 verbose headers   'x-timer': 'S1470235845.807082,VS0,VE183',
24 verbose headers   vary: 'Accept-Encoding' }
25 silly get cb [ 200,
25 silly get   { server: 'CouchDB/1.5.0 (Erlang OTP/R16B03)',
25 silly get     etag: '"81MJOOQSAYAJ7K77MT38LXAW9"',
25 silly get     'content-type': 'application/json',
25 silly get     'content-encoding': 'gzip',
25 silly get     'cache-control': 'max-age=300',
25 silly get     'content-length': '1225',
25 silly get     'accept-ranges': 'bytes',
25 silly get     date: 'Wed, 03 Aug 2016 14:50:45 GMT',
25 silly get     via: '1.1 varnish',
25 silly get     age: '0',
25 silly get     connection: 'keep-alive',
25 silly get     'x-served-by': 'cache-dfw1835-DFW',
25 silly get     'x-cache': 'HIT',
25 silly get     'x-cache-hits': '1',
25 silly get     'x-timer': 'S1470235845.807082,VS0,VE183',
25 silly get     vary: 'Accept-Encoding' } ]
26 verbose get saving create-react-app to /Users/skhoja/.npm/registry.npmjs.org/create-react-app/.cache.json
27 verbose correctMkdir /Users/skhoja/.npm correctMkdir not in flight; initializing
28 silly addNameTag next cb for create-react-app with tag latest
29 silly addNamed create-react-app@0.2.0
30 verbose addNamed "0.2.0" is a plain semver version for create-react-app
31 silly mapToRegistry name create-react-app
32 silly mapToRegistry using default registry
33 silly mapToRegistry registry https://registry.npmjs.org/
34 silly mapToRegistry data Result {
34 silly mapToRegistry   raw: 'create-react-app',
34 silly mapToRegistry   scope: null,
34 silly mapToRegistry   name: 'create-react-app',
34 silly mapToRegistry   rawSpec: '',
34 silly mapToRegistry   spec: 'latest',
34 silly mapToRegistry   type: 'tag' }
35 silly mapToRegistry uri https://registry.npmjs.org/create-react-app
36 verbose addRemoteTarball https://registry.npmjs.org/create-react-app/-/create-react-app-0.2.0.tgz not in flight; adding
37 verbose addRemoteTarball [ 'https://registry.npmjs.org/create-react-app/-/create-react-app-0.2.0.tgz',
37 verbose addRemoteTarball   'f633cb02971cde5f0d0a0399307af54cac819b5f' ]
38 info retry fetch attempt 1 at 9:50:45 AM
39 info attempt registry request try #1 at 9:50:45 AM
40 http fetch GET https://registry.npmjs.org/create-react-app/-/create-react-app-0.2.0.tgz
41 http fetch 200 https://registry.npmjs.org/create-react-app/-/create-react-app-0.2.0.tgz
42 silly fetchAndShaCheck shasum f633cb02971cde5f0d0a0399307af54cac819b5f
43 verbose addTmpTarball /var/folders/g3/lq0lzqv14mq7gl_66r8tssvxwffw2g/T/npm-64942-84bfee0e/registry.npmjs.org/create-react-app/-/create-react-app-0.2.0.tgz not in flight; adding
44 verbose addTmpTarball already have metadata; skipping unpack for create-react-app@0.2.0
45 verbose correctMkdir /Users/skhoja/.npm correctMkdir not in flight; initializing
46 silly cache afterAdd create-react-app@0.2.0
47 verbose afterAdd /Users/skhoja/.npm/create-react-app/0.2.0/package/package.json not in flight; writing
48 verbose correctMkdir /Users/skhoja/.npm correctMkdir not in flight; initializing
49 verbose afterAdd /Users/skhoja/.npm/create-react-app/0.2.0/package/package.json written
50 silly install resolved [ { name: 'create-react-app',
50 silly install resolved     version: '0.2.0',
50 silly install resolved     keywords: [ 'react' ],
50 silly install resolved     description: 'Create React apps with no build configuration.',
50 silly install resolved     repository:
50 silly install resolved      { type: 'git',
50 silly install resolved        url: 'git+https://github.com/facebookincubator/create-react-app.git' },
50 silly install resolved     license: 'BSD-3-Clause',
50 silly install resolved     bugs: { url: 'https://github.com/facebookincubator/create-react-app/issues' },
50 silly install resolved     files: [ 'index.js' ],
50 silly install resolved     bin: { 'create-react-app': './index.js' },
50 silly install resolved     dependencies:
50 silly install resolved      { chalk: '^1.1.1',
50 silly install resolved        'cross-spawn': '^4.0.0',
50 silly install resolved        minimist: '^1.2.0',
50 silly install resolved        semver: '^5.0.3' },
50 silly install resolved     homepage: 'https://github.com/facebookincubator/create-react-app#readme',
50 silly install resolved     _id: 'create-react-app@0.2.0',
50 silly install resolved     scripts: {},
50 silly install resolved     _shasum: 'f633cb02971cde5f0d0a0399307af54cac819b5f',
50 silly install resolved     _from: 'create-react-app@latest',
50 silly install resolved     _npmVersion: '3.10.3',
50 silly install resolved     _nodeVersion: '6.3.1',
50 silly install resolved     _npmUser: { name: 'gaearon', email: 'dan.abramov@gmail.com' },
50 silly install resolved     dist:
50 silly install resolved      { shasum: 'f633cb02971cde5f0d0a0399307af54cac819b5f',
50 silly install resolved        tarball: 'https://registry.npmjs.org/create-react-app/-/create-react-app-0.2.0.tgz' },
50 silly install resolved     maintainers: [ [Object], [Object] ],
50 silly install resolved     _npmOperationalInternal:
50 silly install resolved      { host: 'packages-12-west.internal.npmjs.com',
50 silly install resolved        tmp: 'tmp/create-react-app-0.2.0.tgz_1469735101691_0.8367183734662831' },
50 silly install resolved     directories: {},
50 silly install resolved     _resolved: 'https://registry.npmjs.org/create-react-app/-/create-react-app-0.2.0.tgz' } ]
51 info install create-react-app@0.2.0 into /usr/local/lib
52 info installOne create-react-app@0.2.0
53 verbose installOne of create-react-app to /usr/local/lib not in flight; installing
54 verbose correctMkdir /Users/skhoja/.npm/_locks correctMkdir not in flight; initializing
55 verbose lock using /Users/skhoja/.npm/_locks/create-react-app-0e023debf1332c64.lock for /usr/local/lib/node_modules/create-react-app
56 silly install write writing create-react-app 0.2.0 to /usr/local/lib/node_modules/create-react-app
57 verbose unbuild lib/node_modules/create-react-app
58 silly gentlyRm /usr/local/lib/node_modules/create-react-app is being purged from base /usr/local
59 verbose gentlyRm don't care about contents; nuking /usr/local/lib/node_modules/create-react-app
60 verbose tar unpack /Users/skhoja/.npm/create-react-app/0.2.0/package.tgz
61 verbose tar unpacking to /usr/local/lib/node_modules/create-react-app
62 silly gentlyRm /usr/local/lib/node_modules/create-react-app is being purged
63 verbose gentlyRm don't care about contents; nuking /usr/local/lib/node_modules/create-react-app
64 silly gunzTarPerm modes [ '755', '644' ]
65 error tar.unpack untar error /Users/skhoja/.npm/create-react-app/0.2.0/package.tgz
66 verbose unlock done using /Users/skhoja/.npm/_locks/create-react-app-0e023debf1332c64.lock for /usr/local/lib/node_modules/create-react-app
67 verbose fstream_path /usr/local/lib/node_modules/create-react-app
68 verbose fstream_type Directory
69 verbose fstream_class DirWriter
70 verbose stack Error: EACCES: permission denied, mkdir '/usr/local/lib/node_modules/create-react-app'
70 verbose stack     at Error (native)
71 verbose fstream_stack /usr/local/lib/node_modules/npm/node_modules/fstream/lib/dir-writer.js:35:25
71 verbose fstream_stack /usr/local/lib/node_modules/npm/node_modules/mkdirp/index.js:47:53
71 verbose fstream_stack FSReqWrap.oncomplete (fs.js:82:15)
72 verbose cwd /Users/skhoja/updateportf/views
73 error Darwin 15.6.0
74 error argv "/usr/local/bin/node" "/usr/local/bin/npm" "install" "-g" "create-react-app"
75 error node v4.4.5
76 error npm  v2.15.5
77 error path /usr/local/lib/node_modules/create-react-app
78 error code EACCES
79 error errno -13
80 error syscall mkdir
81 error Error: EACCES: permission denied, mkdir '/usr/local/lib/node_modules/create-react-app'
81 error     at Error (native)
81 error  { [Error: EACCES: permission denied, mkdir '/usr/local/lib/node_modules/create-react-app']
81 error   errno: -13,
81 error   code: 'EACCES',
81 error   syscall: 'mkdir',
81 error   path: '/usr/local/lib/node_modules/create-react-app',
81 error   fstream_type: 'Directory',
81 error   fstream_path: '/usr/local/lib/node_modules/create-react-app',
81 error   fstream_class: 'DirWriter',
81 error   fstream_stack:
81 error    [ '/usr/local/lib/node_modules/npm/node_modules/fstream/lib/dir-writer.js:35:25',
81 error      '/usr/local/lib/node_modules/npm/node_modules/mkdirp/index.js:47:53',
81 error      'FSReqWrap.oncomplete (fs.js:82:15)' ] }
82 error Please try running this command again as root/Administrator.
83 verbose exit [ -13, true ]
84 verbose unbuild lib/node_modules/create-react-app
85 silly gentlyRm /usr/local/lib/node_modules/create-react-app is being purged from base /usr/local
86 verbose gentlyRm don't care about contents; nuking /usr/local/lib/node_modules/create-react-app
